
wwr
wwr
wwr

wwy
wwy
wwy

wwy
wwy
wwy

wwb
wwr
wwr

wwy
wwy
www

bwy
owy
oww

yyw
www
boo

yyw
www
boo

wwo
ywo
ywb

wwo
ywo
rbo

wwb
ywb
rbb

woo
ywb
rbb

wor
yww
rbg

oor
gww
gbg

ggo
bwo
gwr

ggy
bwo
gwb

ggy
bwo
gwb

ggo
bwr
gwg

ggo
bwr
oor

ggg
bwy
oob

ggb
bwo
oor

oby
bwo
oor

oby
bwo
gwg

gbo
wwb
goy

gbo
wwb
goy

gbo
wwb
goy

ggy
wwb
goy

ggy
wwb
goy

ggy
wwb
brw

ggy
wwb
brw

bwg
rwg
wby

rbr
rwg
wby

rbo
rwy
wbw

rbr
rwg
wby

gbr
wwg
bby

rgy
bwb
gwb

gyy
bwb
gwb

oyy
rwb
rwb

oyy
rwb
ooo

oyy
rwb
rwb

ygr
rwb
rwb

rry
wwg
bbr

rry
wwg
ooo

rry
wwg
ooo
